<?xml version="1.0" encoding="UTF-8"?>
<testng-results ignored="0" total="3" passed="3" failed="0" skipped="0">
  <reporter-output>
  </reporter-output>
  <suite started-at="2023-02-23T14:01:41 IST" name="Default suite" finished-at="2023-02-23T14:01:46 IST" duration-ms="4634">
    <groups>
    </groups>
    <test started-at="2023-02-23T14:01:41 IST" name="Default test" finished-at="2023-02-23T14:01:46 IST" duration-ms="4634">
      <class name="selprograms.facegenielogin">
        <test-method is-config="true" signature="initialize()[pri:0, instance:selprograms.facegenielogin@2dc54ad4]" started-at="2023-02-23T14:01:41 IST" name="initialize" finished-at="2023-02-23T14:01:43 IST" duration-ms="1407" status="PASS">
          <reporter-output>
          </reporter-output>
        </test-method> <!-- initialize -->
        <test-method signature="login(java.lang.String,java.lang.String)[pri:0, instance:selprograms.facegenielogin@2dc54ad4]" started-at="2023-02-23T14:01:43 IST" name="login" data-provider="testdata" finished-at="2023-02-23T14:01:44 IST" duration-ms="1261" status="PASS">
          <params>
            <param index="0">
              <value>
                <![CDATA[admin]]>
              </value>
            </param>
            <param index="1">
              <value>
                <![CDATA[pwd]]>
              </value>
            </param>
          </params>
          <reporter-output>
          </reporter-output>
        </test-method> <!-- login -->
        <test-method signature="login(java.lang.String,java.lang.String)[pri:0, instance:selprograms.facegenielogin@2dc54ad4]" started-at="2023-02-23T14:01:44 IST" name="login" data-provider="testdata" finished-at="2023-02-23T14:01:45 IST" duration-ms="628" status="PASS">
          <params>
            <param index="0">
              <value>
                <![CDATA[Admin]]>
              </value>
            </param>
            <param index="1">
              <value>
                <![CDATA[abc]]>
              </value>
            </param>
          </params>
          <reporter-output>
          </reporter-output>
        </test-method> <!-- login -->
        <test-method signature="login(java.lang.String,java.lang.String)[pri:0, instance:selprograms.facegenielogin@2dc54ad4]" started-at="2023-02-23T14:01:45 IST" name="login" data-provider="testdata" finished-at="2023-02-23T14:01:45 IST" duration-ms="555" status="PASS">
          <params>
            <param index="0">
              <value>
                <![CDATA[testing@gmail.com]]>
              </value>
            </param>
            <param index="1">
              <value>
                <![CDATA[testing@123]]>
              </value>
            </param>
          </params>
          <reporter-output>
          </reporter-output>
        </test-method> <!-- login -->
        <test-method is-config="true" signature="quitdriver1()[pri:0, instance:selprograms.facegenielogin@2dc54ad4]" started-at="2023-02-23T14:01:45 IST" name="quitdriver1" finished-at="2023-02-23T14:01:46 IST" duration-ms="653" status="PASS">
          <reporter-output>
          </reporter-output>
        </test-method> <!-- quitdriver1 -->
      </class> <!-- selprograms.facegenielogin -->
    </test> <!-- Default test -->
  </suite> <!-- Default suite -->
</testng-results>
