<?xml version="1.0" encoding="UTF-8"?>
<!-- Generated by org.testng.reporters.JUnitXMLReporter -->
<testsuite ignored="0" hostname="LAPTOP-P6MF1LBB" failures="0" tests="3" name="Default test" time="4.634" errors="0" timestamp="2023-02-23T14:01:46 IST">
  <testcase classname="selprograms.facegenielogin" name="login" time="1.261"/>
  <testcase classname="selprograms.facegenielogin" name="login" time="0.628"/>
  <testcase classname="selprograms.facegenielogin" name="login" time="0.555"/>
</testsuite> <!-- Default test -->
